SF:lib\features\apod\data\dto\apod_dto.dart
DA:6,2
DA:17,4
DA:18,2
DA:19,4
DA:20,2
DA:21,4
DA:22,2
DA:23,2
DA:24,2
DA:25,2
LF:10
LH:10
end_of_record
SF:lib\features\apod\model\media_type.dart
DA:1,2
DA:7,2
DA:9,2
DA:11,1
DA:14,0
LF:5
LH:4
end_of_record
SF:lib\shared\data\client\http_client.dart
DA:4,2
DA:8,1
LF:2
LH:2
end_of_record
SF:lib\shared\data\datasource\apod_datasource.dart
DA:4,1
DA:9,3
DA:13,1
DA:16,1
DA:17,2
DA:18,1
LF:6
LH:6
end_of_record
SF:lib\features\apod\model\apod.dart
DA:4,2
LF:1
LH:1
end_of_record
SF:lib\shared\data\repository\apod_repository.dart
DA:6,1
DA:11,1
DA:12,3
DA:14,1
LF:4
LH:4
end_of_record
SF:lib\features\auth\data\datasource\firebase_auth_datasource.dart
DA:6,1
DA:11,1
DA:12,3
DA:13,1
DA:16,1
DA:17,1
DA:19,3
DA:21,1
DA:24,1
DA:28,1
DA:34,3
DA:36,1
DA:39,3
DA:41,3
DA:42,3
DA:47,3
DA:48,0
LF:17
LH:16
end_of_record
SF:lib\features\auth\data\repository\auth_repository.dart
DA:10,2
DA:15,4
DA:17,7
DA:18,3
DA:25,3
DA:27,3
DA:30,1
DA:33,1
DA:37,2
DA:40,1
DA:41,2
DA:43,1
DA:47,3
DA:50,1
DA:53,1
DA:57,2
DA:60,1
DA:64,2
DA:66,1
DA:69,2
DA:70,1
DA:73,1
DA:76,1
DA:80,2
DA:83,3
DA:85,3
DA:86,3
DA:88,2
DA:90,1
DA:97,1
DA:99,1
DA:100,0
DA:102,0
DA:108,4
DA:109,2
DA:110,1
DA:112,1
LF:37
LH:35
end_of_record
SF:lib\features\auth\data\dto\app_user_dto.dart
DA:6,7
DA:11,2
DA:12,2
DA:13,2
DA:14,2
LF:5
LH:5
end_of_record
SF:lib\features\auth\model\app_user.dart
DA:4,7
DA:9,1
DA:10,3
LF:3
LH:3
end_of_record
SF:lib\util\in_memory_store.dart
DA:4,4
DA:8,1
DA:9,2
DA:12,3
DA:13,3
LF:5
LH:5
end_of_record
SF:lib\shared\data\client\dio_client.dart
DA:6,1
DA:14,1
DA:16,2
DA:17,2
DA:18,2
DA:19,1
DA:20,1
DA:21,1
DA:22,2
DA:23,1
LF:10
LH:10
end_of_record
SF:lib\features\auth\presentation\ui\login_decoration.dart
DA:5,1
DA:9,1
DA:11,1
DA:12,1
DA:13,2
DA:14,1
DA:15,1
DA:17,1
DA:18,1
DA:21,1
DA:22,1
DA:23,2
DA:28,1
LF:13
LH:13
end_of_record
SF:lib\features\auth\presentation\ui\login_page.dart
DA:11,1
DA:13,1
DA:17,2
DA:19,1
DA:21,3
DA:22,1
DA:23,1
DA:24,1
DA:25,1
DA:26,1
DA:27,1
DA:29,1
DA:30,1
DA:31,1
DA:33,1
DA:34,1
DA:35,1
DA:37,0
DA:38,0
DA:47,1
DA:48,1
DA:49,1
DA:50,1
DA:51,1
LF:24
LH:22
end_of_record
SF:lib\features\auth\presentation\ui\sign_in_button.dart
DA:7,1
DA:20,2
DA:21,1
DA:32,1
DA:34,1
DA:36,1
DA:37,1
DA:38,1
DA:39,1
DA:40,3
DA:44,1
DA:46,1
DA:47,1
DA:48,2
DA:49,1
DA:51,1
DA:53,1
DA:54,1
DA:55,1
DA:57,1
DA:58,1
DA:60,1
DA:62,1
LF:23
LH:23
end_of_record
SF:lib\util\app_snackbar.dart
DA:6,1
DA:9,0
DA:11,0
DA:18,0
DA:20,0
DA:26,0
DA:30,0
DA:31,0
DA:33,0
DA:35,0
DA:37,0
DA:38,0
LF:12
LH:1
end_of_record
SF:lib\features\auth\presentation\controller\sign_in_controller.dart
DA:11,4
DA:17,2
DA:27,2
DA:32,2
DA:33,1
DA:34,2
DA:35,2
DA:40,2
DA:43,4
DA:47,1
DA:49,1
DA:52,1
DA:53,3
DA:56,4
DA:57,3
DA:60,2
DA:64,6
DA:66,4
DA:68,2
DA:69,4
DA:71,3
DA:74,1
DA:77,3
DA:79,2
DA:82,1
DA:84,2
DA:85,3
DA:86,0
DA:87,0
DA:90,3
DA:94,2
DA:95,2
DA:96,2
DA:98,1
LF:34
LH:32
end_of_record
SF:lib\features\auth\presentation\ui\sign_in_form.dart
DA:8,1
DA:10,1
DA:11,1
DA:13,1
LF:4
LH:4
end_of_record
SF:lib\util\opposite_background_color.dart
DA:6,1
DA:7,2
LF:2
LH:2
end_of_record
SF:lib\features\auth\presentation\ui\sign_in_disclaimer.dart
DA:4,1
DA:6,1
LF:2
LH:2
end_of_record
SF:lib\features\auth\presentation\ui\sign_in_wrapper.dart
DA:12,1
DA:14,1
DA:16,3
DA:17,2
DA:18,2
DA:19,2
DA:21,1
DA:23,1
DA:24,1
DA:25,1
DA:26,2
DA:29,2
DA:30,1
DA:31,1
DA:38,1
DA:39,1
DA:40,2
DA:43,2
DA:44,0
DA:45,0
DA:49,1
DA:50,1
DA:51,2
DA:54,2
DA:55,1
LF:25
LH:23
end_of_record
SF:lib\style\app_icons.dart
DA:5,2
DA:9,2
DA:13,1
DA:14,1
LF:4
LH:4
end_of_record
SF:lib\features\auth\util\github_sign_in_provider.dart
DA:5,4
DA:6,1
DA:7,3
DA:8,3
DA:9,3
LF:5
LH:5
end_of_record
SF:lib\features\auth\util\google_sign_in_provider.dart
DA:4,4
DA:5,1
LF:2
LH:2
end_of_record
